<?xml version="1.0" encoding="UTF-8"?>
<!-- Generated by org.testng.reporters.JUnitXMLReporter -->
<testsuite hostname="DESKTOP-7IQQM56" name="login" tests="1" failures="1" timestamp="20 Nov 2017 18:36:32 GMT" time="59.403" errors="0">
  <testcase name="TC_01" time="46.109" classname="outlook.OpenOutlook">
    <failure type="java.lang.AssertionError" message="expected [true] but found [false]">
      <![CDATA[java.lang.AssertionError: expected [true] but found [false]
	at outlook.OpenOutlook.TC_01(OpenOutlook.java:59)
... Removed 28 stack frames]]>
    </failure>
  </testcase> <!-- TC_01 -->
</testsuite> <!-- login -->
