<?xml version="1.0" encoding="UTF-8"?>
<!-- Generated by org.testng.reporters.JUnitXMLReporter -->
<testsuite hostname="DESKTOP-7IQQM56" name="login" tests="1" failures="1" timestamp="23 Nov 2017 20:18:44 GMT" time="65.469" errors="0">
  <testcase name="TC_01" time="61.438" classname="outlook.OpenOutlook">
    <failure type="java.lang.AssertionError" message="expected [true] but found [false]">
      <![CDATA[java.lang.AssertionError: expected [true] but found [false]
	at outlook.OpenOutlook.TC_01(OpenOutlook.java:46)
... Removed 28 stack frames]]>
    </failure>
  </testcase> <!-- TC_01 -->
</testsuite> <!-- login -->
