<?xml version="1.0" encoding="UTF-8"?>
<testng-results skipped="0" failed="0" total="1" passed="1">
  <reporter-output>
  </reporter-output>
  <suite name="outllok" duration-ms="70439" started-at="2018-01-15T08:24:42Z" finished-at="2018-01-15T08:25:53Z">
    <groups>
    </groups>
    <test name="login" duration-ms="70439" started-at="2018-01-15T08:24:42Z" finished-at="2018-01-15T08:25:53Z">
      <class name="test.flipkart.startingPage">
        <test-method status="PASS" signature="intilizeDriver(java.lang.String, java.lang.String)[pri:0, instance:test.flipkart.startingPage@cb5822]" name="intilizeDriver" is-config="true" duration-ms="4678" started-at="2018-01-15T13:54:42Z" finished-at="2018-01-15T13:54:47Z">
          <params>
            <param index="0">
              <value>
                <![CDATA[chrome]]>
              </value>
            </param>
            <param index="1">
              <value>
                <![CDATA[https://www.flipkart.com/]]>
              </value>
            </param>
          </params>
          <reporter-output>
          </reporter-output>
        </test-method> <!-- intilizeDriver -->
        <test-method status="PASS" signature="TC_009()[pri:0, instance:test.flipkart.startingPage@cb5822]" name="TC_009" duration-ms="63723" started-at="2018-01-15T13:54:47Z" finished-at="2018-01-15T13:55:51Z">
          <reporter-output>
          </reporter-output>
        </test-method> <!-- TC_009 -->
        <test-method status="PASS" signature="quiteDriver()[pri:0, instance:test.flipkart.startingPage@cb5822]" name="quiteDriver" is-config="true" duration-ms="2018" started-at="2018-01-15T13:55:51Z" finished-at="2018-01-15T13:55:53Z">
          <reporter-output>
          </reporter-output>
        </test-method> <!-- quiteDriver -->
      </class> <!-- test.flipkart.startingPage -->
    </test> <!-- login -->
  </suite> <!-- outllok -->
</testng-results>
